<?xml version="1.0" encoding="utf-8"?><testsuites name="pytest tests"><testsuite name="pytest" errors="0" failures="0" skipped="0" tests="3" time="1.272" timestamp="2026-05-08T21:21:45.937107-06:00" hostname="Anthonys-MacBook-Pro.local"><testcase classname="tests.test_mlx_acceptance.TestStandardShockTubes" name="test_s5_sod_cross_backend_parity" time="0.383" /><testcase classname="tests.test_mlx_acceptance.TestStandardShockTubes" name="test_s6_briowu_compound_waves" time="0.100" /><testcase classname="tests.test_mlx_acceptance.TestStandardShockTubes" name="test_s7_sod_convergence" time="0.475" /></testsuite></testsuites>